2019-07-24 14:44:27,887 INFO com.acheron.transcoder.TranscoderApplication [main] Starting TranscoderApplication on Sourabh with PID 25044 (D:\Work\GCP\transcoder\videoTranscoder\target\classes started by Sourabh in D:\Work\GCP\transcoder\videoTranscoder)
2019-07-24 14:44:27,890 DEBUG com.acheron.transcoder.TranscoderApplication [main] Running with Spring Boot v2.1.6.RELEASE, Spring v5.1.8.RELEASE
2019-07-24 14:44:27,891 INFO com.acheron.transcoder.TranscoderApplication [main] No active profile set, falling back to default profiles: default
2019-07-24 14:44:28,642 ERROR org.springframework.boot.diagnostics.LoggingFailureAnalysisReporter [main] 

***************************
APPLICATION FAILED TO START
***************************

Description:

Field gcpUploadService in com.acheron.transcoder.controller.TranscodeUploadController required a bean of type 'com.acheron.transcoder.service.GCPUploadService' that could not be found.

The injection point has the following annotations:
	- @org.springframework.beans.factory.annotation.Autowired(required=true)


Action:

Consider defining a bean of type 'com.acheron.transcoder.service.GCPUploadService' in your configuration.

2019-07-24 14:44:47,400 INFO com.acheron.transcoder.TranscoderApplication [main] Starting TranscoderApplication on Sourabh with PID 15188 (D:\Work\GCP\transcoder\videoTranscoder\target\classes started by Sourabh in D:\Work\GCP\transcoder\videoTranscoder)
2019-07-24 14:44:47,401 DEBUG com.acheron.transcoder.TranscoderApplication [main] Running with Spring Boot v2.1.6.RELEASE, Spring v5.1.8.RELEASE
2019-07-24 14:44:47,401 INFO com.acheron.transcoder.TranscoderApplication [main] No active profile set, falling back to default profiles: default
2019-07-24 14:44:48,102 ERROR org.springframework.boot.diagnostics.LoggingFailureAnalysisReporter [main] 

***************************
APPLICATION FAILED TO START
***************************

Description:

Field gcpUploadService in com.acheron.transcoder.controller.TranscodeUploadController required a bean of type 'com.acheron.transcoder.service.GCPUploadService' that could not be found.

The injection point has the following annotations:
	- @org.springframework.beans.factory.annotation.Autowired(required=true)


Action:

Consider defining a bean of type 'com.acheron.transcoder.service.GCPUploadService' in your configuration.

2019-07-24 14:44:58,877 INFO com.acheron.transcoder.TranscoderApplication [main] Starting TranscoderApplication on Sourabh with PID 4200 (D:\Work\GCP\transcoder\videoTranscoder\target\classes started by Sourabh in D:\Work\GCP\transcoder\videoTranscoder)
2019-07-24 14:44:58,878 DEBUG com.acheron.transcoder.TranscoderApplication [main] Running with Spring Boot v2.1.6.RELEASE, Spring v5.1.8.RELEASE
2019-07-24 14:44:58,878 INFO com.acheron.transcoder.TranscoderApplication [main] No active profile set, falling back to default profiles: default
2019-07-24 14:44:59,594 ERROR org.springframework.boot.diagnostics.LoggingFailureAnalysisReporter [main] 

***************************
APPLICATION FAILED TO START
***************************

Description:

Field gcpUploadService in com.acheron.transcoder.controller.TranscodeUploadController required a bean of type 'com.acheron.transcoder.service.GCPUploadService' that could not be found.

The injection point has the following annotations:
	- @org.springframework.beans.factory.annotation.Autowired(required=true)


Action:

Consider defining a bean of type 'com.acheron.transcoder.service.GCPUploadService' in your configuration.

2019-07-24 14:45:10,361 INFO com.acheron.transcoder.TranscoderApplication [main] Starting TranscoderApplication on Sourabh with PID 11956 (D:\Work\GCP\transcoder\videoTranscoder\target\classes started by Sourabh in D:\Work\GCP\transcoder\videoTranscoder)
2019-07-24 14:45:10,362 DEBUG com.acheron.transcoder.TranscoderApplication [main] Running with Spring Boot v2.1.6.RELEASE, Spring v5.1.8.RELEASE
2019-07-24 14:45:10,362 INFO com.acheron.transcoder.TranscoderApplication [main] No active profile set, falling back to default profiles: default
2019-07-24 14:45:11,045 ERROR org.springframework.boot.diagnostics.LoggingFailureAnalysisReporter [main] 

***************************
APPLICATION FAILED TO START
***************************

Description:

Field gcpUploadService in com.acheron.transcoder.controller.TranscodeUploadController required a bean of type 'com.acheron.transcoder.service.GCPUploadService' that could not be found.

The injection point has the following annotations:
	- @org.springframework.beans.factory.annotation.Autowired(required=true)


Action:

Consider defining a bean of type 'com.acheron.transcoder.service.GCPUploadService' in your configuration.

2019-07-24 14:45:46,137 INFO com.acheron.transcoder.TranscoderApplication [main] Starting TranscoderApplication on Sourabh with PID 18888 (D:\Work\GCP\transcoder\videoTranscoder\target\classes started by Sourabh in D:\Work\GCP\transcoder\videoTranscoder)
2019-07-24 14:45:46,139 DEBUG com.acheron.transcoder.TranscoderApplication [main] Running with Spring Boot v2.1.6.RELEASE, Spring v5.1.8.RELEASE
2019-07-24 14:45:46,139 INFO com.acheron.transcoder.TranscoderApplication [main] No active profile set, falling back to default profiles: default
2019-07-24 14:45:46,826 ERROR org.springframework.boot.diagnostics.LoggingFailureAnalysisReporter [main] 

***************************
APPLICATION FAILED TO START
***************************

Description:

Field gcpUploadService in com.acheron.transcoder.controller.TranscodeUploadController required a bean of type 'com.acheron.transcoder.service.GCPUploadService' that could not be found.

The injection point has the following annotations:
	- @org.springframework.beans.factory.annotation.Autowired(required=true)


Action:

Consider defining a bean of type 'com.acheron.transcoder.service.GCPUploadService' in your configuration.

2019-07-24 14:47:36,083 INFO com.acheron.transcoder.TranscoderApplication [main] Starting TranscoderApplication on Sourabh with PID 19324 (D:\Work\GCP\transcoder\videoTranscoder\target\classes started by Sourabh in D:\Work\GCP\transcoder\videoTranscoder)
2019-07-24 14:47:36,084 DEBUG com.acheron.transcoder.TranscoderApplication [main] Running with Spring Boot v2.1.6.RELEASE, Spring v5.1.8.RELEASE
2019-07-24 14:47:36,085 INFO com.acheron.transcoder.TranscoderApplication [main] No active profile set, falling back to default profiles: default
2019-07-24 14:47:36,779 ERROR org.springframework.boot.diagnostics.LoggingFailureAnalysisReporter [main] 

***************************
APPLICATION FAILED TO START
***************************

Description:

Field gcpUploadService in com.acheron.transcoder.controller.TranscodeUploadController required a bean of type 'com.acheron.transcoder.service.GCPUploadService' that could not be found.

The injection point has the following annotations:
	- @org.springframework.beans.factory.annotation.Autowired(required=true)


Action:

Consider defining a bean of type 'com.acheron.transcoder.service.GCPUploadService' in your configuration.

2019-07-24 14:48:52,699 INFO com.acheron.transcoder.TranscoderApplication [main] Starting TranscoderApplication on Sourabh with PID 9460 (D:\Work\GCP\transcoder\videoTranscoder\target\classes started by Sourabh in D:\Work\GCP\transcoder\videoTranscoder)
2019-07-24 14:48:52,700 DEBUG com.acheron.transcoder.TranscoderApplication [main] Running with Spring Boot v2.1.6.RELEASE, Spring v5.1.8.RELEASE
2019-07-24 14:48:52,701 INFO com.acheron.transcoder.TranscoderApplication [main] No active profile set, falling back to default profiles: default
2019-07-24 14:48:53,386 ERROR org.springframework.boot.diagnostics.LoggingFailureAnalysisReporter [main] 

***************************
APPLICATION FAILED TO START
***************************

Description:

Field gcpUploadService in com.acheron.transcoder.controller.TranscodeUploadController required a bean of type 'com.acheron.transcoder.service.GCPUploadService' that could not be found.

The injection point has the following annotations:
	- @org.springframework.beans.factory.annotation.Autowired(required=true)


Action:

Consider defining a bean of type 'com.acheron.transcoder.service.GCPUploadService' in your configuration.

2019-07-24 14:49:13,404 INFO com.acheron.transcoder.TranscoderApplication [main] Starting TranscoderApplication on Sourabh with PID 4204 (D:\Work\GCP\transcoder\videoTranscoder\target\classes started by Sourabh in D:\Work\GCP\transcoder\videoTranscoder)
2019-07-24 14:49:13,406 DEBUG com.acheron.transcoder.TranscoderApplication [main] Running with Spring Boot v2.1.6.RELEASE, Spring v5.1.8.RELEASE
2019-07-24 14:49:13,406 INFO com.acheron.transcoder.TranscoderApplication [main] No active profile set, falling back to default profiles: default
2019-07-24 14:49:14,117 ERROR org.springframework.boot.diagnostics.LoggingFailureAnalysisReporter [main] 

***************************
APPLICATION FAILED TO START
***************************

Description:

Field gcpUploadService in com.acheron.transcoder.controller.TranscodeUploadController required a bean of type 'com.acheron.transcoder.service.GCPUploadService' that could not be found.

The injection point has the following annotations:
	- @org.springframework.beans.factory.annotation.Autowired(required=true)


Action:

Consider defining a bean of type 'com.acheron.transcoder.service.GCPUploadService' in your configuration.

2019-07-24 14:49:43,282 INFO com.acheron.transcoder.TranscoderApplication [main] Starting TranscoderApplication on Sourabh with PID 7772 (D:\Work\GCP\transcoder\videoTranscoder\target\classes started by Sourabh in D:\Work\GCP\transcoder\videoTranscoder)
2019-07-24 14:49:43,283 DEBUG com.acheron.transcoder.TranscoderApplication [main] Running with Spring Boot v2.1.6.RELEASE, Spring v5.1.8.RELEASE
2019-07-24 14:49:43,284 INFO com.acheron.transcoder.TranscoderApplication [main] No active profile set, falling back to default profiles: default
2019-07-24 14:49:43,974 ERROR org.springframework.boot.diagnostics.LoggingFailureAnalysisReporter [main] 

***************************
APPLICATION FAILED TO START
***************************

Description:

Field gcpUploadService in com.acheron.transcoder.controller.TranscodeUploadController required a bean of type 'com.acheron.transcoder.service.GCPUploadService' that could not be found.

The injection point has the following annotations:
	- @org.springframework.beans.factory.annotation.Autowired(required=true)


Action:

Consider defining a bean of type 'com.acheron.transcoder.service.GCPUploadService' in your configuration.

2019-07-24 14:50:16,415 INFO com.acheron.transcoder.TranscoderApplication [main] Starting TranscoderApplication on Sourabh with PID 14876 (D:\Work\GCP\transcoder\videoTranscoder\target\classes started by Sourabh in D:\Work\GCP\transcoder\videoTranscoder)
2019-07-24 14:50:16,417 DEBUG com.acheron.transcoder.TranscoderApplication [main] Running with Spring Boot v2.1.6.RELEASE, Spring v5.1.8.RELEASE
2019-07-24 14:50:16,417 INFO com.acheron.transcoder.TranscoderApplication [main] No active profile set, falling back to default profiles: default
2019-07-24 14:50:17,100 ERROR org.springframework.boot.diagnostics.LoggingFailureAnalysisReporter [main] 

***************************
APPLICATION FAILED TO START
***************************

Description:

Field gcpUploadService in com.acheron.transcoder.controller.TranscodeUploadController required a bean of type 'com.acheron.transcoder.service.GCPUploadService' that could not be found.

The injection point has the following annotations:
	- @org.springframework.beans.factory.annotation.Autowired(required=true)


Action:

Consider defining a bean of type 'com.acheron.transcoder.service.GCPUploadService' in your configuration.

2019-07-24 14:51:36,420 INFO com.acheron.transcoder.TranscoderApplication [main] Starting TranscoderApplication on Sourabh with PID 27576 (D:\Work\GCP\transcoder\videoTranscoder\target\classes started by Sourabh in D:\Work\GCP\transcoder\videoTranscoder)
2019-07-24 14:51:36,421 DEBUG com.acheron.transcoder.TranscoderApplication [main] Running with Spring Boot v2.1.6.RELEASE, Spring v5.1.8.RELEASE
2019-07-24 14:51:36,421 INFO com.acheron.transcoder.TranscoderApplication [main] No active profile set, falling back to default profiles: default
2019-07-24 14:51:37,099 ERROR org.springframework.boot.diagnostics.LoggingFailureAnalysisReporter [main] 

***************************
APPLICATION FAILED TO START
***************************

Description:

Field gcpUploadService in com.acheron.transcoder.controller.TranscodeUploadController required a bean of type 'com.acheron.transcoder.service.GCPUploadService' that could not be found.

The injection point has the following annotations:
	- @org.springframework.beans.factory.annotation.Autowired(required=true)


Action:

Consider defining a bean of type 'com.acheron.transcoder.service.GCPUploadService' in your configuration.

